2022-05-18 10:38:31.644  INFO 3200 --- [main] SpringBootCoreDataJpaMvcRest1Application : Starting TimesheetSpringBootCoreDataJpaMvcRest1Application on DESKTOP-6RC0ANR with PID 3200 (C:\Users\ASUS\OneDrive\Bureau\Spring\jee_gestion\Timesheet-spring-boot-core-data-jpa-mvc-REST-1\target\classes started by ASUS in C:\Users\ASUS\OneDrive\Bureau\Spring\jee_gestion\Timesheet-spring-boot-core-data-jpa-mvc-REST-1)
2022-05-18 10:38:31.655  INFO 3200 --- [main] SpringBootCoreDataJpaMvcRest1Application : No active profile set, falling back to default profiles: default
2022-05-18 10:38:32.548  INFO 3200 --- [main] .s.d.r.c.RepositoryConfigurationDelegate : Bootstrapping Spring Data repositories in DEFAULT mode.
2022-05-18 10:38:32.649  INFO 3200 --- [main] .s.d.r.c.RepositoryConfigurationDelegate : Finished Spring Data repository scanning in 90ms. Found 6 repository interfaces.
2022-05-18 10:38:32.996  INFO 3200 --- [main] trationDelegate$BeanPostProcessorChecker : Bean 'org.springframework.transaction.annotation.ProxyTransactionManagementConfiguration' of type [org.springframework.transaction.annotation.ProxyTransactionManagementConfiguration$$EnhancerBySpringCGLIB$$d2bdf7ca] is not eligible for getting processed by all BeanPostProcessors (for example: not eligible for auto-proxying)
2022-05-18 10:38:33.364  INFO 3200 --- [main] o.s.b.w.embedded.tomcat.TomcatWebServer  : Tomcat initialized with port(s): 8081 (http)
2022-05-18 10:38:33.393  INFO 3200 --- [main] o.apache.catalina.core.StandardService   : Starting service [Tomcat]
2022-05-18 10:38:33.393  INFO 3200 --- [main] org.apache.catalina.core.StandardEngine  : Starting Servlet engine: [Apache Tomcat/9.0.17]
2022-05-18 10:38:33.505  INFO 3200 --- [main] o.a.c.c.C.[.[localhost].[/SpringMVC]     : Initializing Spring embedded WebApplicationContext
2022-05-18 10:38:33.505  INFO 3200 --- [main] o.s.web.context.ContextLoader            : Root WebApplicationContext: initialization completed in 1773 ms
2022-05-18 10:38:33.699  INFO 3200 --- [main] com.zaxxer.hikari.HikariDataSource       : HikariPool-1 - Starting...
2022-05-18 10:38:33.846  INFO 3200 --- [main] com.zaxxer.hikari.HikariDataSource       : HikariPool-1 - Start completed.
2022-05-18 10:38:33.902  INFO 3200 --- [main] o.hibernate.jpa.internal.util.LogHelper  : HHH000204: Processing PersistenceUnitInfo [
	name: default
	...]
2022-05-18 10:38:34.112  INFO 3200 --- [main] org.hibernate.Version                    : HHH000412: Hibernate Core {5.3.9.Final}
2022-05-18 10:38:34.114  INFO 3200 --- [main] org.hibernate.cfg.Environment            : HHH000206: hibernate.properties not found
2022-05-18 10:38:34.316  INFO 3200 --- [main] o.hibernate.annotations.common.Version   : HCANN000001: Hibernate Commons Annotations {5.0.4.Final}
2022-05-18 10:38:34.491  INFO 3200 --- [main] org.hibernate.dialect.Dialect            : HHH000400: Using dialect: org.hibernate.dialect.MySQL5Dialect
2022-05-18 10:38:35.576  INFO 3200 --- [main] j.LocalContainerEntityManagerFactoryBean : Initialized JPA EntityManagerFactory for persistence unit 'default'
2022-05-18 10:38:35.919  INFO 3200 --- [main] o.h.h.i.QueryTranslatorFactoryInitiator  : HHH000397: Using ASTQueryTranslatorFactory
2022-05-18 10:38:36.423  INFO 3200 --- [main] o.s.s.concurrent.ThreadPoolTaskExecutor  : Initializing ExecutorService 'applicationTaskExecutor'
2022-05-18 10:38:36.463  WARN 3200 --- [main] aWebConfiguration$JpaWebMvcConfiguration : spring.jpa.open-in-view is enabled by default. Therefore, database queries may be performed during view rendering. Explicitly configure spring.jpa.open-in-view to disable this warning
2022-05-18 10:38:36.658  INFO 3200 --- [main] o.s.b.w.embedded.tomcat.TomcatWebServer  : Tomcat started on port(s): 8081 (http) with context path '/SpringMVC'
2022-05-18 10:38:36.660  INFO 3200 --- [main] SpringBootCoreDataJpaMvcRest1Application : Started TimesheetSpringBootCoreDataJpaMvcRest1Application in 5.53 seconds (JVM running for 6.38)
2022-05-18 10:39:34.820  INFO 3200 --- [http-nio-8081-exec-2] o.a.c.c.C.[.[localhost].[/SpringMVC]     : Initializing Spring DispatcherServlet 'dispatcherServlet'
2022-05-18 10:39:34.821  INFO 3200 --- [http-nio-8081-exec-2] o.s.web.servlet.DispatcherServlet        : Initializing Servlet 'dispatcherServlet'
2022-05-18 10:39:34.834  INFO 3200 --- [http-nio-8081-exec-2] o.s.web.servlet.DispatcherServlet        : Completed initialization in 12 ms
2022-05-18 10:45:21.057  INFO 3200 --- [RMI TCP Connection(2)-127.0.0.1] inMXBeanRegistrar$SpringApplicationAdmin : Application shutdown requested.
2022-05-18 10:45:21.061  INFO 3200 --- [RMI TCP Connection(2)-127.0.0.1] o.s.s.concurrent.ThreadPoolTaskExecutor  : Shutting down ExecutorService 'applicationTaskExecutor'
2022-05-18 10:45:21.063  INFO 3200 --- [RMI TCP Connection(2)-127.0.0.1] j.LocalContainerEntityManagerFactoryBean : Closing JPA EntityManagerFactory for persistence unit 'default'
2022-05-18 10:45:21.067  INFO 3200 --- [RMI TCP Connection(2)-127.0.0.1] com.zaxxer.hikari.HikariDataSource       : HikariPool-1 - Shutdown initiated...
2022-05-18 10:45:21.086  INFO 3200 --- [RMI TCP Connection(2)-127.0.0.1] com.zaxxer.hikari.HikariDataSource       : HikariPool-1 - Shutdown completed.
2022-05-18 11:12:28.378  INFO 4800 --- [main] SpringBootCoreDataJpaMvcRest1Application : Starting TimesheetSpringBootCoreDataJpaMvcRest1Application on DESKTOP-6RC0ANR with PID 4800 (C:\Users\ASUS\OneDrive\Bureau\Spring\jee_gestion\Timesheet-spring-boot-core-data-jpa-mvc-REST-1\target\classes started by ASUS in C:\Users\ASUS\OneDrive\Bureau\Spring\jee_gestion\Timesheet-spring-boot-core-data-jpa-mvc-REST-1)
2022-05-18 11:12:28.385  INFO 4800 --- [main] SpringBootCoreDataJpaMvcRest1Application : No active profile set, falling back to default profiles: default
2022-05-18 11:12:30.055  INFO 4800 --- [main] .s.d.r.c.RepositoryConfigurationDelegate : Bootstrapping Spring Data repositories in DEFAULT mode.
2022-05-18 11:12:30.906  INFO 4800 --- [main] .s.d.r.c.RepositoryConfigurationDelegate : Finished Spring Data repository scanning in 831ms. Found 6 repository interfaces.
2022-05-18 11:12:32.919  INFO 4800 --- [main] trationDelegate$BeanPostProcessorChecker : Bean 'org.springframework.transaction.annotation.ProxyTransactionManagementConfiguration' of type [org.springframework.transaction.annotation.ProxyTransactionManagementConfiguration$$EnhancerBySpringCGLIB$$4667790f] is not eligible for getting processed by all BeanPostProcessors (for example: not eligible for auto-proxying)
2022-05-18 11:12:33.963  INFO 4800 --- [main] o.s.b.w.embedded.tomcat.TomcatWebServer  : Tomcat initialized with port(s): 8081 (http)
2022-05-18 11:12:34.009  INFO 4800 --- [main] o.apache.catalina.core.StandardService   : Starting service [Tomcat]
2022-05-18 11:12:34.010  INFO 4800 --- [main] org.apache.catalina.core.StandardEngine  : Starting Servlet engine: [Apache Tomcat/9.0.17]
2022-05-18 11:12:34.251  INFO 4800 --- [main] o.a.c.c.C.[.[localhost].[/SpringMVC]     : Initializing Spring embedded WebApplicationContext
2022-05-18 11:12:34.251  INFO 4800 --- [main] o.s.web.context.ContextLoader            : Root WebApplicationContext: initialization completed in 5795 ms
2022-05-18 11:12:34.637  INFO 4800 --- [main] com.zaxxer.hikari.HikariDataSource       : HikariPool-1 - Starting...
2022-05-18 11:12:34.923  INFO 4800 --- [main] com.zaxxer.hikari.HikariDataSource       : HikariPool-1 - Start completed.
2022-05-18 11:12:35.061  INFO 4800 --- [main] o.hibernate.jpa.internal.util.LogHelper  : HHH000204: Processing PersistenceUnitInfo [
	name: default
	...]
2022-05-18 11:12:35.409  INFO 4800 --- [main] org.hibernate.Version                    : HHH000412: Hibernate Core {5.3.9.Final}
2022-05-18 11:12:35.412  INFO 4800 --- [main] org.hibernate.cfg.Environment            : HHH000206: hibernate.properties not found
2022-05-18 11:12:35.893  INFO 4800 --- [main] o.hibernate.annotations.common.Version   : HCANN000001: Hibernate Commons Annotations {5.0.4.Final}
2022-05-18 11:12:36.402  INFO 4800 --- [main] org.hibernate.dialect.Dialect            : HHH000400: Using dialect: org.hibernate.dialect.MySQL5Dialect
2022-05-18 11:12:38.708  INFO 4800 --- [main] j.LocalContainerEntityManagerFactoryBean : Initialized JPA EntityManagerFactory for persistence unit 'default'
2022-05-18 11:12:39.158  INFO 4800 --- [main] o.h.h.i.QueryTranslatorFactoryInitiator  : HHH000397: Using ASTQueryTranslatorFactory
2022-05-18 11:12:40.209  INFO 4800 --- [main] o.s.s.concurrent.ThreadPoolTaskExecutor  : Initializing ExecutorService 'applicationTaskExecutor'
2022-05-18 11:12:40.332  WARN 4800 --- [main] aWebConfiguration$JpaWebMvcConfiguration : spring.jpa.open-in-view is enabled by default. Therefore, database queries may be performed during view rendering. Explicitly configure spring.jpa.open-in-view to disable this warning
2022-05-18 11:12:40.690  INFO 4800 --- [main] o.s.b.w.embedded.tomcat.TomcatWebServer  : Tomcat started on port(s): 8081 (http) with context path '/SpringMVC'
2022-05-18 11:12:40.693  INFO 4800 --- [main] SpringBootCoreDataJpaMvcRest1Application : Started TimesheetSpringBootCoreDataJpaMvcRest1Application in 12.885 seconds (JVM running for 14.18)
2022-05-18 11:13:11.920  INFO 4800 --- [http-nio-8081-exec-2] o.a.c.c.C.[.[localhost].[/SpringMVC]     : Initializing Spring DispatcherServlet 'dispatcherServlet'
2022-05-18 11:13:11.920  INFO 4800 --- [http-nio-8081-exec-2] o.s.web.servlet.DispatcherServlet        : Initializing Servlet 'dispatcherServlet'
2022-05-18 11:13:11.932  INFO 4800 --- [http-nio-8081-exec-2] o.s.web.servlet.DispatcherServlet        : Completed initialization in 12 ms
